{"level":"info","message":"User undefined is attempting to buy book  64ba87f76ecd294bbdf933223","timestamp":"2023-07-31T05:48:59.772Z"}
{"level":"info","message":"User undefined is attempting to buy book  64ba87f76ecd294bbdf93322","timestamp":"2023-07-31T05:49:15.766Z"}
{"level":"info","message":"user undefined is attempting to 64ba87f76ecd294bbdf93322 which is not in stock","timestamp":"2023-07-31T05:49:15.776Z"}
{"level":"info","message":"User undefined is attempting to buy book  64ba87f76ecd294bbdf93326","timestamp":"2023-07-31T05:50:16.118Z"}
{"level":"info","message":"user undefined is attempting to undefined which is not found","timestamp":"2023-07-31T05:50:16.121Z"}
{"level":"info","message":"User undefined is attempting to buy book  64ba87f76ecd294bbdf93326","timestamp":"2023-07-31T05:51:11.930Z"}
{"level":"info","message":"user 64be3742afa718a0b5b41b7e is attempting to undefined which is not found","timestamp":"2023-07-31T05:51:11.934Z"}
{"level":"info","message":"User undefined is attempting to buy book  64ba87f76ecd294bbdf93326","timestamp":"2023-07-31T05:58:47.567Z"}
{"level":"info","message":"user 64be3742afa718a0b5b41b7e is attempting to undefined which is not found","timestamp":"2023-07-31T05:58:47.570Z"}
{"level":"info","message":"User undefined is attempting to buy book  64ba87f76ecd294bbdf93326","timestamp":"2023-07-31T05:59:03.338Z"}
{"level":"info","message":"user 64be3742afa718a0b5b41b7e is attempting to undefined which is not found","timestamp":"2023-07-31T05:59:03.340Z"}
{"level":"info","message":"User undefined is attempting to buy book  64ba87f76ecd294bbdf93326","timestamp":"2023-07-31T05:59:07.926Z"}
{"level":"info","message":"user 64be3742afa718a0b5b41b7e is attempting to undefined which is not found","timestamp":"2023-07-31T05:59:07.931Z"}
{"level":"info","message":"User undefined is attempting to buy book  64ba87f76ecd294bbdf93326","timestamp":"2023-07-31T06:15:02.560Z"}
{"level":"warn","message":"user 64be3742afa718a0b5b41b7e is attempting to buy book of this id: 64ba87f76ecd294bbdf93326 which is not found","timestamp":"2023-07-31T06:15:02.563Z"}
{"level":"info","message":"User undefined is attempting to buy book  64ba87f76ecd294bbdf933267","timestamp":"2023-07-31T06:15:25.573Z"}
{"level":"info","message":"User undefined is attempting to buy book  64ba87f76ecd294bbdf933267","timestamp":"2023-07-31T06:16:57.078Z"}
{"level":"info","message":"User 64be3742afa718a0b5b41b7e is attempting to buy book  64ba87f76ecd294bbdf933267","timestamp":"2023-08-02T08:06:12.303Z"}
{"level":"info","message":"User 64be3742afa718a0b5b41b7e is attempting to buy book  64ba87f76ecd294bbdf933267","timestamp":"2023-08-02T08:07:18.517Z"}
{"level":"info","message":"User 64be3742afa718a0b5b41b7e is attempting to buy book  64ba87f76ecd294bbdf9332671","timestamp":"2023-08-02T08:07:26.185Z"}
{"level":"info","message":"User 64be3742afa718a0b5b41b7e is attempting to buy book  64ba87f76ecd294bbdf93326","timestamp":"2023-08-02T08:07:31.245Z"}
{"level":"warn","message":"user 64be3742afa718a0b5b41b7e is attempting to buy book of this id: 64ba87f76ecd294bbdf93326 which is not found","timestamp":"2023-08-02T08:07:31.252Z"}
{"level":"info","message":"User 64be3742afa718a0b5b41b7e is attempting to buy book  64ba87f76ecd294bbdf93326","timestamp":"2023-08-02T08:08:09.333Z"}
{"level":"info","message":"User 64be3742afa718a0b5b41b7e is attempting to buy book  64ba87f76ecd294bbdf93326","timestamp":"2023-08-02T08:08:48.923Z"}
{"level":"error","message":"error TypeError: Cannot read properties of undefined (reading 'Info') comes pls check  of 64be3742afa718a0b5b41b7e to buy book of this id 64ba87f76ecd294bbdf93326","timestamp":"2023-08-02T08:08:48.925Z"}
{"level":"info","message":"User 64be3742afa718a0b5b41b7e is attempting to buy book  64ba87f76ecd294bbdf93326","timestamp":"2023-08-02T08:09:28.565Z"}
{"level":"warn","message":"user 64be3742afa718a0b5b41b7e is attempting to buy book of this id: 64ba87f76ecd294bbdf93326 which is not found","timestamp":"2023-08-02T08:09:28.568Z"}
{"level":"info","message":"User 64be3742afa718a0b5b41b7e is attempting to buy book  64ba87f76ecd294bbdf93326","timestamp":"2023-08-02T10:10:12.604Z"}
{"level":"info","message":"User 64be3742afa718a0b5b41b7e is attempting to buy book  64ba87f76ecd294bbdf93326","timestamp":"2023-08-02T10:11:06.461Z"}
{"level":"warn","message":"user 64be3742afa718a0b5b41b7e is attempting to buy book of this id: 64ba87f76ecd294bbdf93326 which is not found","timestamp":"2023-08-02T10:11:06.466Z"}
{"level":"info","message":"User 64be3742afa718a0b5b41b7e is attempting to buy book  64ba87f76ecd294bbdf93322","timestamp":"2023-08-02T10:13:31.058Z"}
{"level":"warn","message":"user undefined is attempting to buy book of id64ba87f76ecd294bbdf93322 which is not in stock","timestamp":"2023-08-02T10:13:31.064Z"}
{"level":"info","message":"User 64be3742afa718a0b5b41b7e is attempting to buy book  64ba87f76ecd294bbdf93322","timestamp":"2023-08-02T10:31:39.816Z"}
{"level":"warn","message":"user undefined is attempting to buy book of id64ba87f76ecd294bbdf93322 which is not in stock","timestamp":"2023-08-02T10:31:39.821Z"}
{"level":"info","message":"User 64ccbe7d5ab92d439db1440e is attempting to getting info of all books","timestamp":"2023-08-07T07:27:31.705Z"}
{"level":"info","message":"User 64ccbe7d5ab92d439db1440e is attempting to getting info of all books","timestamp":"2023-08-07T07:50:32.351Z"}
{"level":"info","message":"User 64ccbe7d5ab92d439db1440e is attempting to getting info of all books","timestamp":"2023-08-07T07:51:18.478Z"}
{"level":"info","message":"User 64ccbe7d5ab92d439db1440e is attempting to getting info of all books","timestamp":"2023-08-07T07:51:49.637Z"}
{"level":"info","message":"User 64ccbe7d5ab92d439db1440e is attempting to getting info of all books","timestamp":"2023-08-07T07:52:49.278Z"}
{"level":"info","message":"User 64ccbe7d5ab92d439db1440e is attempting to getting info of all books","timestamp":"2023-08-07T07:53:11.743Z"}
{"level":"info","message":"User 64ccbe7d5ab92d439db1440e is attempting to getting info of all books","timestamp":"2023-08-07T07:53:27.299Z"}
{"level":"info","message":"User 64ccbe7d5ab92d439db1440e is attempting to getting info of all books","timestamp":"2023-08-07T07:55:47.130Z"}
{"level":"info","message":"User 64ccbe7d5ab92d439db1440e is attempting to getting info of all books","timestamp":"2023-08-07T07:57:03.455Z"}
{"level":"info","message":"User 64ccbe7d5ab92d439db1440e is attempting to getting info of all books","timestamp":"2023-08-07T07:57:43.099Z"}
{"level":"info","message":"User 64ccbe7d5ab92d439db1440e is attempting to getting info of all books","timestamp":"2023-08-07T07:57:45.080Z"}
{"level":"info","message":"User 64ccbe7d5ab92d439db1440e is attempting to getting info of all books","timestamp":"2023-08-07T08:00:09.590Z"}
{"level":"info","message":"User 64ccbe7d5ab92d439db1440e is attempting to getting info of all books","timestamp":"2023-08-07T08:17:59.431Z"}
{"level":"info","message":"User 64ccbe7d5ab92d439db1440e is attempting to getting info of all books","timestamp":"2023-08-07T08:40:27.066Z"}
{"level":"info","message":"User 64ccbe7d5ab92d439db1440e is attempting to getting info of all books","timestamp":"2023-08-07T08:40:33.727Z"}
{"level":"info","message":"User 64ccbe7d5ab92d439db1440e is attempting to getting info of all books","timestamp":"2023-08-07T08:41:34.058Z"}
{"level":"info","message":"User 64ccbe7d5ab92d439db1440e is attempting to getting info of all books","timestamp":"2023-08-07T08:43:09.350Z"}
{"level":"info","message":"User 64ccbe7d5ab92d439db1440e is attempting to getting info of all books","timestamp":"2023-08-07T08:43:21.623Z"}
{"level":"info","message":"User 64ccbe7d5ab92d439db1440e is attempting to getting info of all books","timestamp":"2023-08-07T08:44:07.486Z"}
{"level":"info","message":"User 64ccbe7d5ab92d439db1440e is attempting to getting info of all books","timestamp":"2023-08-07T08:44:22.941Z"}
{"level":"info","message":"User 64ccbe7d5ab92d439db1440e is attempting to getting info of all books","timestamp":"2023-08-07T08:44:36.572Z"}
{"level":"info","message":"User 64ccbe7d5ab92d439db1440e is attempting to getting info of all books","timestamp":"2023-08-07T08:44:41.241Z"}
{"level":"info","message":"User 64ccbe7d5ab92d439db1440e is attempting to getting info of all books","timestamp":"2023-08-07T08:45:14.913Z"}
{"level":"info","message":"User 64ccbe7d5ab92d439db1440e is attempting to getting info of all books","timestamp":"2023-08-07T08:45:15.453Z"}
{"level":"info","message":"User 64ccbe7d5ab92d439db1440e is attempting to getting info of all books","timestamp":"2023-08-07T08:45:15.583Z"}
{"level":"info","message":"User 64ccbe7d5ab92d439db1440e is attempting to getting info of all books","timestamp":"2023-08-07T08:45:21.002Z"}
{"level":"info","message":"User 64ccbe7d5ab92d439db1440e is attempting to getting info of all books","timestamp":"2023-08-07T08:45:21.535Z"}
{"level":"info","message":"User 64ccbe7d5ab92d439db1440e is attempting to getting info of all books","timestamp":"2023-08-07T08:45:21.672Z"}
{"level":"info","message":"User 64ccbe7d5ab92d439db1440e is attempting to getting info of all books","timestamp":"2023-08-07T08:45:21.824Z"}
{"level":"info","message":"User 64ccbe7d5ab92d439db1440e is attempting to getting info of all books","timestamp":"2023-08-07T08:45:22.269Z"}
{"level":"info","message":"User 64ccbe7d5ab92d439db1440e is attempting to getting info of all books","timestamp":"2023-08-07T08:45:22.405Z"}
{"level":"info","message":"User 64ccbe7d5ab92d439db1440e is attempting to getting info of all books","timestamp":"2023-08-07T08:45:22.555Z"}
{"level":"info","message":"User 64ccbe7d5ab92d439db1440e is attempting to getting info of all books","timestamp":"2023-08-07T08:47:02.894Z"}
{"level":"info","message":"User 64ccbe7d5ab92d439db1440e is attempting to getting info of all books","timestamp":"2023-08-07T08:47:33.221Z"}
{"level":"info","message":"User 64ccbe7d5ab92d439db1440e is attempting to getting info of all books","timestamp":"2023-08-07T08:50:46.851Z"}
{"level":"info","message":"User 64ccbe7d5ab92d439db1440e is attempting to getting info of all books","timestamp":"2023-08-07T08:50:47.541Z"}
{"level":"info","message":"User 64ccbe7d5ab92d439db1440e is attempting to getting info of all books","timestamp":"2023-08-07T08:50:48.173Z"}
{"level":"info","message":"User 64ccbe7d5ab92d439db1440e is attempting to getting info of all books","timestamp":"2023-08-07T08:50:48.492Z"}
{"level":"info","message":"User 64ccbe7d5ab92d439db1440e is attempting to getting info of all books","timestamp":"2023-08-07T08:50:48.733Z"}
{"level":"info","message":"User 64ccbe7d5ab92d439db1440e is attempting to getting info of all books","timestamp":"2023-08-07T08:50:48.977Z"}
{"level":"info","message":"User 64ccbe7d5ab92d439db1440e is attempting to getting info of all books","timestamp":"2023-08-07T08:51:08.649Z"}
